[2021-02-10 15:38:19,237]                  main.py             INFO:  importing was successful                                              
[2021-02-10 15:38:19,247]                parser.py             INFO:  __init__MainParser                                                    
[2021-02-10 15:38:19,247]                parser.py             INFO:  __init__DataBaseForParser                                             
[2021-02-10 15:38:19,248]                parser.py             INFO:  __init__ParserPublic                                                  
[2021-02-10 15:38:20,310]                  main.py             INFO:  Before while LOOP                                                     
[2021-02-10 15:38:20,564]              executor.py             INFO:  Bot: На приеме у Шевцова [@Na_priyeme_u_Shevtsova_bot]                
[2021-02-10 15:38:21,747]              executor.py          WARNING:  Updates were skipped successfully.                                    
[2021-02-10 15:38:21,747]            dispatcher.py             INFO:  Start polling.                                                        
[2021-02-10 15:38:29,447]                  main.py          WARNING:  id: 575704682 name: FBICIAIIA msg: 'hi'                               
[2021-02-10 15:38:31,417]                  main.py             INFO:  LOOP ------------> False                                              
[2021-02-10 15:38:37,457]                  main.py             INFO:  LOOP ------------> False                                              
[2021-02-10 15:38:37,728]                  main.py          WARNING:  id: 575704682 name: FBICIAIIA msg: 'dfgdfg'                           
[2021-02-10 15:38:39,091]                  main.py          WARNING:  id: 575704682 name: FBICIAIIA msg: 'dgffdgd'                          
[2021-02-10 15:38:39,399]                  main.py          WARNING:  id: 575704682 name: FBICIAIIA msg: 'gdf'                              
[2021-02-10 15:38:39,776]                  main.py          WARNING:  id: 575704682 name: FBICIAIIA msg: 'gd'                               
[2021-02-10 15:38:40,008]                  main.py          WARNING:  id: 575704682 name: FBICIAIIA msg: 'gd'                               
[2021-02-10 15:38:40,229]                  main.py          WARNING:  id: 575704682 name: FBICIAIIA msg: 'fgd'                              
[2021-02-10 15:38:40,570]                  main.py          WARNING:  id: 575704682 name: FBICIAIIA msg: 'g'                                
[2021-02-10 15:38:40,826]                  main.py          WARNING:  id: 575704682 name: FBICIAIIA msg: 'fgd'                              
[2021-02-10 15:38:43,486]                  main.py             INFO:  LOOP ------------> False                                              
[2021-02-10 15:38:49,529]                  main.py             INFO:  LOOP ------------> False                                              
[2021-02-10 15:38:55,530]                  main.py             INFO:  LOOP ------------> False                                              
[2021-02-10 15:39:01,551]                  main.py             INFO:  LOOP ------------> False                                              
[2021-02-10 15:39:07,694]                  main.py             INFO:  LOOP ------------> False                                              
[2021-02-10 15:39:13,744]                  main.py             INFO:  LOOP ------------> False                                              
[2021-02-10 15:39:19,710]                  main.py             INFO:  LOOP ------------> False                                              
[2021-02-10 15:39:25,740]                  main.py             INFO:  LOOP ------------> False                                              
[2021-02-10 15:39:31,763]                  main.py             INFO:  LOOP ------------> False                                              
[2021-02-10 15:39:33,343]            dispatcher.py             INFO:  Stop polling...                                                       
[2021-02-10 15:39:33,344]              executor.py          WARNING:  Goodbye!                                                              
