[2021-02-10 15:37:13,563]                  main.py             INFO:  importing was successful                                              
[2021-02-10 15:37:13,574]                parser.py             INFO:  __init__MainParser                                                    
[2021-02-10 15:37:13,574]                parser.py             INFO:  __init__DataBaseForParser                                             
[2021-02-10 15:37:13,574]                parser.py             INFO:  __init__ParserPublic                                                  
[2021-02-10 15:37:14,618]                  main.py             INFO:  Before while LOOP                                                     
[2021-02-10 15:37:14,983]              executor.py             INFO:  Bot: На приеме у Шевцова [@Na_priyeme_u_Shevtsova_bot]                
[2021-02-10 15:37:16,201]              executor.py          WARNING:  Updates were skipped successfully.                                    
[2021-02-10 15:37:16,201]            dispatcher.py             INFO:  Start polling.                                                        
[2021-02-10 15:37:21,003]                  main.py          WARNING:  id: 575704682 name: FBICIAIIA msg: 'hello'                            
[2021-02-10 15:37:25,614]                  main.py             INFO:  LOOP ------------> False                                              
[2021-02-10 15:37:31,659]                  main.py             INFO:  LOOP ------------> False                                              
[2021-02-10 15:37:37,678]                  main.py             INFO:  LOOP ------------> False                                              
[2021-02-10 15:37:43,802]                  main.py             INFO:  LOOP ------------> False                                              
[2021-02-10 15:37:49,813]                  main.py             INFO:  LOOP ------------> False                                              
[2021-02-10 15:37:55,817]                  main.py             INFO:  LOOP ------------> False                                              
[2021-02-10 15:38:01,849]                  main.py             INFO:  LOOP ------------> False                                              
[2021-02-10 15:38:08,313]                  main.py             INFO:  LOOP ------------> False                                              
[2021-02-10 15:38:08,314]                  main.py          WARNING:  id: 575704682 name: FBICIAIIA msg: 'hi'                               
[2021-02-10 15:38:14,323]                  main.py             INFO:  LOOP ------------> False                                              
[2021-02-10 15:38:16,719]            dispatcher.py             INFO:  Stop polling...                                                       
[2021-02-10 15:38:16,720]              executor.py          WARNING:  Goodbye!                                                              
