[2021-02-10 15:39:36,085]                  main.py             INFO:  importing was successful                                              
[2021-02-10 15:39:36,099]                parser.py             INFO:  __init__MainParser                                                    
[2021-02-10 15:39:36,099]                parser.py             INFO:  __init__DataBaseForParser                                             
[2021-02-10 15:39:36,099]                parser.py             INFO:  __init__ParserPublic                                                  
[2021-02-10 15:39:37,101]                  main.py             INFO:  Before while LOOP                                                     
[2021-02-10 15:39:37,381]              executor.py             INFO:  Bot: На приеме у Шевцова [@Na_priyeme_u_Shevtsova_bot]                
[2021-02-10 15:39:38,564]              executor.py          WARNING:  Updates were skipped successfully.                                    
[2021-02-10 15:39:38,565]            dispatcher.py             INFO:  Start polling.                                                        
[2021-02-10 15:39:48,104]                  main.py             INFO:  LOOP ------------> False                                              
[2021-02-10 15:39:50,127]                  main.py          WARNING:  id: 575704682 name: FBICIAIIA msg: 'sd'                               
[2021-02-10 15:39:51,647]                  main.py          WARNING:  id: 575704682 name: FBICIAIIA msg: 'dsad'                             
[2021-02-10 15:39:52,919]                  main.py          WARNING:  id: 575704682 name: FBICIAIIA msg: 'sd'                               
[2021-02-10 15:39:54,141]                  main.py             INFO:  LOOP ------------> False                                              
[2021-02-10 15:39:54,182]                  main.py          WARNING:  id: 575704682 name: FBICIAIIA msg: '21312'                            
[2021-02-10 15:40:00,178]                  main.py             INFO:  LOOP ------------> False                                              
[2021-02-10 15:40:06,169]                  main.py             INFO:  LOOP ------------> False                                              
[2021-02-10 15:40:12,222]                  main.py             INFO:  LOOP ------------> False                                              
[2021-02-10 15:40:18,267]                  main.py             INFO:  LOOP ------------> False                                              
[2021-02-10 15:40:24,362]                  main.py             INFO:  LOOP ------------> False                                              
[2021-02-10 15:40:30,384]                  main.py             INFO:  LOOP ------------> False                                              
[2021-02-10 15:40:36,487]                  main.py             INFO:  LOOP ------------> False                                              
[2021-02-10 15:40:42,582]                  main.py             INFO:  LOOP ------------> False                                              
[2021-02-10 15:40:48,670]                  main.py             INFO:  LOOP ------------> False                                              
[2021-02-10 15:40:54,757]                  main.py             INFO:  LOOP ------------> False                                              
[2021-02-10 15:41:00,775]                  main.py             INFO:  LOOP ------------> False                                              
[2021-02-10 15:41:06,758]                  main.py             INFO:  LOOP ------------> False                                              
[2021-02-10 15:41:12,758]                  main.py             INFO:  LOOP ------------> False                                              
[2021-02-10 15:41:18,960]                  main.py             INFO:  LOOP ------------> False                                              
[2021-02-10 15:41:24,947]                  main.py             INFO:  LOOP ------------> False                                              
[2021-02-10 15:41:30,960]                  main.py             INFO:  LOOP ------------> False                                              
[2021-02-10 15:41:36,969]                  main.py             INFO:  LOOP ------------> False                                              
[2021-02-10 15:41:43,005]                  main.py             INFO:  LOOP ------------> False                                              
[2021-02-10 15:41:49,082]                  main.py             INFO:  LOOP ------------> False                                              
[2021-02-10 15:41:55,123]                  main.py             INFO:  LOOP ------------> False                                              
[2021-02-10 15:42:01,175]                  main.py             INFO:  LOOP ------------> False                                              
[2021-02-10 15:42:07,305]                  main.py             INFO:  LOOP ------------> False                                              
[2021-02-10 15:42:13,367]                  main.py             INFO:  LOOP ------------> False                                              
[2021-02-10 15:42:19,368]                  main.py             INFO:  LOOP ------------> False                                              
[2021-02-10 15:42:25,444]                  main.py             INFO:  LOOP ------------> False                                              
[2021-02-10 15:42:31,419]                  main.py             INFO:  LOOP ------------> False                                              
[2021-02-10 15:42:37,461]                  main.py             INFO:  LOOP ------------> False                                              
[2021-02-10 15:42:37,609]            dispatcher.py             INFO:  Stop polling...                                                       
[2021-02-10 15:42:37,610]              executor.py          WARNING:  Goodbye!                                                              
